# JRE version: 7.0_11-b21
# Java VM: Java HotSpot(TM) 64-Bit Server VM (23.6-b04 mixed mode linux-amd64 compressed oops)
Heap
 PSYoungGen      total 246656K, used 234727K [0x00000000f0000000, 0x0000000100000000, 0x0000000100000000)
  eden space 230144K, 99% used [0x00000000f0000000,0x00000000fe024628,0x00000000fe0c0000)
  from space 16512K, 31% used [0x00000000fefe0000,0x00000000ff4f55e0,0x0000000100000000)
  to   space 15488K, 27% used [0x00000000fe0c0000,0x00000000fe4d9da0,0x00000000fefe0000)
 ParOldGen       total 524288K, used 150168K [0x00000000d0000000, 0x00000000f0000000, 0x00000000f0000000)
  object space 524288K, 28% used [0x00000000d0000000,0x00000000d92a62e8,0x00000000f0000000)
 PSPermGen       total 262144K, used 78484K [0x00000000c0000000, 0x00000000d0000000, 0x00000000d0000000)
  object space 262144K, 29% used [0x00000000c0000000,0x00000000c4ca5050,0x00000000d0000000)
GC Heap History (10 events):
Event: 24.609 GC heap after
Heap after GC invocations=30 (full 0):
 PSYoungGen      total 242944K, used 5201K [0x00000000f0000000, 0x0000000100000000, 0x0000000100000000)
  eden space 222528K, 0% used [0x00000000f0000000,0x00000000f0000000,0x00000000fd950000)
  from space 20416K, 25% used [0x00000000fec10000,0x00000000ff1245a8,0x0000000100000000)
  to   space 19200K, 0% used [0x00000000fd950000,0x00000000fd950000,0x00000000fec10000)
 ParOldGen       total 524288K, used 130436K [0x00000000d0000000, 0x00000000f0000000, 0x00000000f0000000)
  object space 524288K, 24% used [0x00000000d0000000,0x00000000d7f61360,0x00000000f0000000)
 PSPermGen       total 262144K, used 71239K [0x00000000c0000000, 0x00000000d0000000, 0x00000000d0000000)
  object space 262144K, 27% used [0x00000000c0000000,0x00000000c4591e08,0x00000000d0000000)
}
Event: 24.964 GC heap before
{Heap before GC invocations=31 (full 0):
 PSYoungGen      total 242944K, used 223331K [0x00000000f0000000, 0x0000000100000000, 0x0000000100000000)
  eden space 222528K, 98% used [0x00000000f0000000,0x00000000fd504a18,0x00000000fd950000)
  from space 20416K, 25% used [0x00000000fec10000,0x00000000ff1245a8,0x0000000100000000)
  to   space 19200K, 0% used [0x00000000fd950000,0x00000000fd950000,0x00000000fec10000)
 ParOldGen       total 524288K, used 130436K [0x00000000d0000000, 0x00000000f0000000, 0x00000000f0000000)
  object space 524288K, 24% used [0x00000000d0000000,0x00000000d7f61360,0x00000000f0000000)
 PSPermGen       total 262144K, used 72624K [0x00000000c0000000, 0x00000000d0000000, 0x00000000d0000000)
  object space 262144K, 27% used [0x00000000c0000000,0x00000000c46ec118,0x00000000d0000000)
Event: 24.981 GC heap after
Heap after GC invocations=31 (full 0):
 PSYoungGen      total 241728K, used 4309K [0x00000000f0000000, 0x0000000100000000, 0x0000000100000000)
  eden space 222528K, 0% used [0x00000000f0000000,0x00000000f0000000,0x00000000fd950000)
  from space 19200K, 22% used [0x00000000fd950000,0x00000000fdd857c0,0x00000000fec10000)
  to   space 18176K, 0% used [0x00000000fee40000,0x00000000fee40000,0x0000000100000000)
 ParOldGen       total 524288K, used 135305K [0x00000000d0000000, 0x00000000f0000000, 0x00000000f0000000)
  object space 524288K, 25% used [0x00000000d0000000,0x00000000d8422780,0x00000000f0000000)
 PSPermGen       total 262144K, used 72624K [0x00000000c0000000, 0x00000000d0000000, 0x00000000d0000000)
  object space 262144K, 27% used [0x00000000c0000000,0x00000000c46ec118,0x00000000d0000000)
}
Event: 25.312 GC heap before
{Heap before GC invocations=32 (full 0):
 PSYoungGen      total 241728K, used 225609K [0x00000000f0000000, 0x0000000100000000, 0x0000000100000000)
  eden space 222528K, 99% used [0x00000000f0000000,0x00000000fd81cdf8,0x00000000fd950000)
  from space 19200K, 22% used [0x00000000fd950000,0x00000000fdd857c0,0x00000000fec10000)
  to   space 18176K, 0% used [0x00000000fee40000,0x00000000fee40000,0x0000000100000000)
 ParOldGen       total 524288K, used 135305K [0x00000000d0000000, 0x00000000f0000000, 0x00000000f0000000)
  object space 524288K, 25% used [0x00000000d0000000,0x00000000d8422780,0x00000000f0000000)
 PSPermGen       total 262144K, used 74184K [0x00000000c0000000, 0x00000000d0000000, 0x00000000d0000000)
  object space 262144K, 28% used [0x00000000c0000000,0x00000000c4872378,0x00000000d0000000)
Event: 25.329 GC heap after
Heap after GC invocations=32 (full 0):
 PSYoungGen      total 244736K, used 3473K [0x00000000f0000000, 0x0000000100000000, 0x0000000100000000)
  eden space 226560K, 0% used [0x00000000f0000000,0x00000000f0000000,0x00000000fdd40000)
  from space 18176K, 19% used [0x00000000fee40000,0x00000000ff1a44b8,0x0000000100000000)
  to   space 17408K, 0% used [0x00000000fdd40000,0x00000000fdd40000,0x00000000fee40000)
 ParOldGen       total 524288K, used 139203K [0x00000000d0000000, 0x00000000f0000000, 0x00000000f0000000)
  object space 524288K, 26% used [0x00000000d0000000,0x00000000d87f0c20,0x00000000f0000000)
 PSPermGen       total 262144K, used 74184K [0x00000000c0000000, 0x00000000d0000000, 0x00000000d0000000)
  object space 262144K, 28% used [0x00000000c0000000,0x00000000c4872378,0x00000000d0000000)
}
Event: 25.970 GC heap before
{Heap before GC invocations=33 (full 0):
 PSYoungGen      total 244736K, used 228281K [0x00000000f0000000, 0x0000000100000000, 0x0000000100000000)
  eden space 226560K, 99% used [0x00000000f0000000,0x00000000fdb8a298,0x00000000fdd40000)
  from space 18176K, 19% used [0x00000000fee40000,0x00000000ff1a44b8,0x0000000100000000)
  to   space 17408K, 0% used [0x00000000fdd40000,0x00000000fdd40000,0x00000000fee40000)
 ParOldGen       total 524288K, used 139203K [0x00000000d0000000, 0x00000000f0000000, 0x00000000f0000000)
  object space 524288K, 26% used [0x00000000d0000000,0x00000000d87f0c20,0x00000000f0000000)
 PSPermGen       total 262144K, used 75589K [0x00000000c0000000, 0x00000000d0000000, 0x00000000d0000000)
  object space 262144K, 28% used [0x00000000c0000000,0x00000000c49d1458,0x00000000d0000000)
Event: 25.984 GC heap after
Heap after GC invocations=33 (full 0):
 PSYoungGen      total 243968K, used 4382K [0x00000000f0000000, 0x0000000100000000, 0x0000000100000000)
  eden space 226560K, 0% used [0x00000000f0000000,0x00000000f0000000,0x00000000fdd40000)
  from space 17408K, 25% used [0x00000000fdd40000,0x00000000fe187830,0x00000000fee40000)
  to   space 16512K, 0% used [0x00000000fefe0000,0x00000000fefe0000,0x0000000100000000)
 ParOldGen       total 524288K, used 142265K [0x00000000d0000000, 0x00000000f0000000, 0x00000000f0000000)
  object space 524288K, 27% used [0x00000000d0000000,0x00000000d8aee660,0x00000000f0000000)
 PSPermGen       total 262144K, used 75589K [0x00000000c0000000, 0x00000000d0000000, 0x00000000d0000000)
  object space 262144K, 28% used [0x00000000c0000000,0x00000000c49d1458,0x00000000d0000000)
}
Event: 26.659 GC heap before
{Heap before GC invocations=34 (full 0):
 PSYoungGen      total 243968K, used 221977K [0x00000000f0000000, 0x0000000100000000, 0x0000000100000000)
  eden space 226560K, 96% used [0x00000000f0000000,0x00000000fd47ec18,0x00000000fdd40000)
  from space 17408K, 25% used [0x00000000fdd40000,0x00000000fe187830,0x00000000fee40000)
  to   space 16512K, 0% used [0x00000000fefe0000,0x00000000fefe0000,0x0000000100000000)
 ParOldGen       total 524288K, used 142265K [0x00000000d0000000, 0x00000000f0000000, 0x00000000f0000000)
  object space 524288K, 27% used [0x00000000d0000000,0x00000000d8aee660,0x00000000f0000000)
 PSPermGen       total 262144K, used 76709K [0x00000000c0000000, 0x00000000d0000000, 0x00000000d0000000)
  object space 262144K, 29% used [0x00000000c0000000,0x00000000c4ae9620,0x00000000d0000000)
Event: 26.677 GC heap after
Heap after GC invocations=34 (full 0):
 PSYoungGen      total 246656K, used 5205K [0x00000000f0000000, 0x0000000100000000, 0x0000000100000000)
  eden space 230144K, 0% used [0x00000000f0000000,0x00000000f0000000,0x00000000fe0c0000)
  from space 16512K, 31% used [0x00000000fefe0000,0x00000000ff4f55e0,0x0000000100000000)
  to   space 15488K, 0% used [0x00000000fe0c0000,0x00000000fe0c0000,0x00000000fefe0000)
 ParOldGen       total 524288K, used 146111K [0x00000000d0000000, 0x00000000f0000000, 0x00000000f0000000)
  object space 524288K, 27% used [0x00000000d0000000,0x00000000d8eaff20,0x00000000f0000000)
 PSPermGen       total 262144K, used 76709K [0x00000000c0000000, 0x00000000d0000000, 0x00000000d0000000)
  object space 262144K, 29% used [0x00000000c0000000,0x00000000c4ae9620,0x00000000d0000000)
}
Event: 27.094 GC heap before
{Heap before GC invocations=35 (full 0):
 PSYoungGen      total 246656K, used 234727K [0x00000000f0000000, 0x0000000100000000, 0x0000000100000000)
  eden space 230144K, 99% used [0x00000000f0000000,0x00000000fe024628,0x00000000fe0c0000)
  from space 16512K, 31% used [0x00000000fefe0000,0x00000000ff4f55e0,0x0000000100000000)
  to   space 15488K, 0% used [0x00000000fe0c0000,0x00000000fe0c0000,0x00000000fefe0000)
 ParOldGen       total 524288K, used 146111K [0x00000000d0000000, 0x00000000f0000000, 0x00000000f0000000)
  object space 524288K, 27% used [0x00000000d0000000,0x00000000d8eaff20,0x00000000f0000000)
 PSPermGen       total 262144K, used 78484K [0x00000000c0000000, 0x00000000d0000000, 0x00000000d0000000)
  object space 262144K, 29% used [0x00000000c0000000,0x00000000c4ca5050,0x00000000d0000000)

